


















































acpi
alsa-utils
avahi
avahi-tools
dmenu
firefox
freetype-infinality
git
gnome-keyring
google-droid-sans-fonts
google-droid-sans-mono-fonts
google-droid-serif-fonts
greybird-gtk2-theme.noarch
gtk2-engines
gtk-chtheme
https://dl.google.com/linux/direct/google-chrome-stable_current_x86_64.rpm
iwl6000-firmware
levien-inconsolata-fonts
libxcb-devel
light-gtk2-theme
lshw
lxpanel
mosh
mpc
mpd
mpg321
ncmpcpp
network-manager-applet
NetworkManager-vpnc
NetworkManager-vpnc-gnome
perl-LWP-Protocol-https.noarch
powertop
puppet
python-virtualenvwrapper
rpmfusion-free-release
rpmfusion-nonfree-release
ruby
rxvt-unicode-256color
screen
slim
synergy
terminator
terminus-fonts
tinc
vim
vpnc
x11-ssh-askpass
xcb-util-*
xcb-util-devel
xcb-util-keysyms-devel
xcb-util-wm*
xscreensaver
zsh
